e:\codes\cloth\freecloth-0.7.1\freecloth\release\freecloth.pdb
e:\codes\cloth\freecloth-0.7.1\freecloth\release\simsimulator.obj
e:\codes\cloth\freecloth-0.7.1\freecloth\release\simmatrix.obj
e:\codes\cloth\freecloth-0.7.1\freecloth\release\resconfigregistrywindows.obj
e:\codes\cloth\freecloth-0.7.1\freecloth\release\resconfigregistryfile.obj
e:\codes\cloth\freecloth-0.7.1\freecloth\release\resconfigregistry.obj
e:\codes\cloth\freecloth-0.7.1\freecloth\release\rcshdptr.obj
e:\codes\cloth\freecloth-0.7.1\freecloth\release\rcproxyshdptr.obj
e:\codes\cloth\freecloth-0.7.1\freecloth\release\rcbase.obj
e:\codes\cloth\freecloth-0.7.1\freecloth\release\gevector.obj
e:\codes\cloth\freecloth-0.7.1\freecloth\release\gepoint.obj
e:\codes\cloth\freecloth-0.7.1\freecloth\release\gemeshwingededge.obj
e:\codes\cloth\freecloth-0.7.1\freecloth\release\gemeshbuilder.obj
e:\codes\cloth\freecloth-0.7.1\freecloth\release\gemesh.obj
e:\codes\cloth\freecloth-0.7.1\freecloth\release\gematrix4.obj
e:\codes\cloth\freecloth-0.7.1\freecloth\release\gematrix3.obj
e:\codes\cloth\freecloth-0.7.1\freecloth\release\batracestream.obj
e:\codes\cloth\freecloth-0.7.1\freecloth\release\batraceentry.obj
e:\codes\cloth\freecloth-0.7.1\freecloth\release\batimewindows.obj
e:\codes\cloth\freecloth-0.7.1\freecloth\release\bastringutil.obj
e:\codes\cloth\freecloth-0.7.1\freecloth\release\bamath.obj
e:\codes\cloth\freecloth-0.7.1\freecloth\release\simvector.obj
e:\codes\cloth\freecloth-0.7.1\freecloth\release\simstepstrategybasic.obj
e:\codes\cloth\freecloth-0.7.1\freecloth\release\simstepstrategyadaptive.obj
e:\codes\cloth\freecloth-0.7.1\freecloth\release\simstepstrategy.obj
e:\codes\cloth\freecloth-0.7.1\freecloth\release\freecloth.lib
e:\codes\cloth\freecloth-0.7.1\freecloth\release\freecloth.tlog\cl.command.1.tlog
e:\codes\cloth\freecloth-0.7.1\freecloth\release\freecloth.tlog\cl.read.1.tlog
e:\codes\cloth\freecloth-0.7.1\freecloth\release\freecloth.tlog\cl.write.1.tlog
e:\codes\cloth\freecloth-0.7.1\freecloth\release\freecloth.tlog\lib-link.read.1.tlog
e:\codes\cloth\freecloth-0.7.1\freecloth\release\freecloth.tlog\lib-link.write.1.tlog
e:\codes\cloth\freecloth-0.7.1\freecloth\release\freecloth.tlog\lib.command.1.tlog
