  baMath.cpp
  baStringUtil.cpp
  baTimeWindows.cpp
  baTraceEntry.cpp
  baTraceStream.cpp
  geMatrix3.cpp
  geMatrix4.cpp
  geMesh.cpp
  geMeshBuilder.cpp
  geMeshWingedEdge.cpp
  gePoint.cpp
  geVector.cpp
  rcBase.cpp
  rcProxyShdPtr.cpp
  rcShdPtr.cpp
  resConfigRegistry.cpp
  resConfigRegistryFile.cpp
  resConfigRegistryWindows.cpp
  simMatrix.cpp
  simSimulator.cpp
  Generating Code...
  Compiling...
  simStepStrategy.cpp
  simStepStrategyAdaptive.cpp
  simStepStrategyBasic.cpp
  simVector.cpp
  Generating Code...
  freecloth.vcxproj -> E:\Codes\Cloth\freecloth-0.7.1\freecloth\Release\freecloth.lib
