e:\codes\cloth\freecloth-0.7.1\freecloth\debug\vc142.pdb
e:\codes\cloth\freecloth-0.7.1\freecloth\debug\gfxwindowobserver.obj
e:\codes\cloth\freecloth-0.7.1\freecloth\debug\gfxwindow.obj
e:\codes\cloth\freecloth-0.7.1\freecloth\debug\gfximagewriterpnm.obj
e:\codes\cloth\freecloth-0.7.1\freecloth\debug\gfximagereaderpnm.obj
e:\codes\cloth\freecloth-0.7.1\freecloth\debug\gfximagereader.obj
e:\codes\cloth\freecloth-0.7.1\freecloth\debug\gfximage.obj
e:\codes\cloth\freecloth-0.7.1\freecloth\debug\gfxglwindowglut.obj
e:\codes\cloth\freecloth-0.7.1\freecloth\debug\gfxglwindowglui.obj
e:\codes\cloth\freecloth-0.7.1\freecloth\debug\gfxglwindow.obj
e:\codes\cloth\freecloth-0.7.1\freecloth\debug\gfxgltexture.obj
e:\codes\cloth\freecloth-0.7.1\freecloth\debug\gfxgl.obj
e:\codes\cloth\freecloth-0.7.1\freecloth\debug\gfxconfig.obj
e:\codes\cloth\freecloth-0.7.1\freecloth\debug\colcolourrgb.obj
e:\codes\cloth\freecloth-0.7.1\freecloth\debug\clothappconfig.obj
e:\codes\cloth\freecloth-0.7.1\freecloth\debug\clothapp.obj
e:\codes\cloth\freecloth-0.7.1\freecloth\x64\debug\clothapp.ilk
e:\codes\cloth\freecloth-0.7.1\freecloth\debug\clothapp.exe
e:\codes\cloth\freecloth-0.7.1\freecloth\x64\debug\clothapp.pdb
e:\codes\cloth\freecloth-0.7.1\freecloth\x64\debug\clothapp.tlog\cl.command.1.tlog
e:\codes\cloth\freecloth-0.7.1\freecloth\x64\debug\clothapp.tlog\cl.read.1.tlog
e:\codes\cloth\freecloth-0.7.1\freecloth\x64\debug\clothapp.tlog\cl.write.1.tlog
e:\codes\cloth\freecloth-0.7.1\freecloth\x64\debug\clothapp.tlog\link.command.1.tlog
e:\codes\cloth\freecloth-0.7.1\freecloth\x64\debug\clothapp.tlog\link.read.1.tlog
e:\codes\cloth\freecloth-0.7.1\freecloth\x64\debug\clothapp.tlog\link.write.1.tlog
