e:\codes\cloth\freecloth-0.7.1\freecloth\debug\freecloth.pdb
e:\codes\cloth\freecloth-0.7.1\freecloth\debug\simsimulator.obj
e:\codes\cloth\freecloth-0.7.1\freecloth\debug\simmatrix.obj
e:\codes\cloth\freecloth-0.7.1\freecloth\debug\resconfigregistrywindows.obj
e:\codes\cloth\freecloth-0.7.1\freecloth\debug\resconfigregistryfile.obj
e:\codes\cloth\freecloth-0.7.1\freecloth\debug\resconfigregistry.obj
e:\codes\cloth\freecloth-0.7.1\freecloth\debug\rcshdptr.obj
e:\codes\cloth\freecloth-0.7.1\freecloth\debug\rcproxyshdptr.obj
e:\codes\cloth\freecloth-0.7.1\freecloth\debug\rcbase.obj
e:\codes\cloth\freecloth-0.7.1\freecloth\debug\gevector.obj
e:\codes\cloth\freecloth-0.7.1\freecloth\debug\gepoint.obj
e:\codes\cloth\freecloth-0.7.1\freecloth\debug\gemeshwingededge.obj
e:\codes\cloth\freecloth-0.7.1\freecloth\debug\gemeshbuilder.obj
e:\codes\cloth\freecloth-0.7.1\freecloth\debug\gemesh.obj
e:\codes\cloth\freecloth-0.7.1\freecloth\debug\gematrix4.obj
e:\codes\cloth\freecloth-0.7.1\freecloth\debug\gematrix3.obj
e:\codes\cloth\freecloth-0.7.1\freecloth\debug\batracestream.obj
e:\codes\cloth\freecloth-0.7.1\freecloth\debug\batraceentry.obj
e:\codes\cloth\freecloth-0.7.1\freecloth\debug\batimewindows.obj
e:\codes\cloth\freecloth-0.7.1\freecloth\debug\bastringutil.obj
e:\codes\cloth\freecloth-0.7.1\freecloth\debug\bamath.obj
e:\codes\cloth\freecloth-0.7.1\freecloth\debug\simvector.obj
e:\codes\cloth\freecloth-0.7.1\freecloth\debug\simstepstrategybasic.obj
e:\codes\cloth\freecloth-0.7.1\freecloth\debug\simstepstrategyadaptive.obj
e:\codes\cloth\freecloth-0.7.1\freecloth\debug\simstepstrategy.obj
e:\codes\cloth\freecloth-0.7.1\freecloth\debug\freecloth.lib
e:\codes\cloth\freecloth-0.7.1\freecloth\x64\debug\freecloth.pdb
e:\codes\cloth\freecloth-0.7.1\freecloth\x64\debug\freecloth.tlog\cl.command.1.tlog
e:\codes\cloth\freecloth-0.7.1\freecloth\x64\debug\freecloth.tlog\cl.read.1.tlog
e:\codes\cloth\freecloth-0.7.1\freecloth\x64\debug\freecloth.tlog\cl.write.1.tlog
e:\codes\cloth\freecloth-0.7.1\freecloth\x64\debug\freecloth.tlog\lib-link.read.1.tlog
e:\codes\cloth\freecloth-0.7.1\freecloth\x64\debug\freecloth.tlog\lib-link.write.1.tlog
e:\codes\cloth\freecloth-0.7.1\freecloth\x64\debug\freecloth.tlog\lib.command.1.tlog
